# JRE version: OpenJDK Runtime Environment Temurin-21.0.10+7 (21.0.10+7) (build 21.0.10+7-LTS)
# Java VM: OpenJDK 64-Bit Server VM Temurin-21.0.10+7 (21.0.10+7-LTS, mixed mode, sharing, tiered, compressed oops, compressed class ptrs, parallel gc, windows-amd64)
GC Precious Log:
 CardTable entry size: 512
 CPUs: 8 total, 8 available
 Memory: 7455M
 Large Page Support: Disabled
 NUMA Support: Disabled
 Compressed Oops: Enabled (32-bit)
 Alignments: Space 512K, Generation 512K, Heap 2M
 Heap Min Capacity: 100M
 Heap Initial Capacity: 100M
 Heap Max Capacity: 2G
 Pre-touch: Disabled
 Parallel Workers: 8
Heap:
 PSYoungGen      total 17920K, used 7886K [0x00000000d5580000, 0x00000000d6900000, 0x0000000100000000)
  eden space 17408K, 42% used [0x00000000d5580000,0x00000000d5cb55b0,0x00000000d6680000)
  from space 512K, 98% used [0x00000000d6880000,0x00000000d68fe3f0,0x00000000d6900000)
  to   space 1024K, 0% used [0x00000000d6700000,0x00000000d6700000,0x00000000d6800000)
 ParOldGen       total 83968K, used 72104K [0x0000000080000000, 0x0000000085200000, 0x00000000d5580000)
  object space 83968K, 85% used [0x0000000080000000,0x000000008466a168,0x0000000085200000)
 Metaspace       used 63119K, committed 64512K, reserved 1114112K
  class space    used 6633K, committed 7232K, reserved 1048576K
GC Heap History (20 events):
Event: 42.631 GC heap before
{Heap before GC invocations=80 (full 3):
 PSYoungGen      total 19968K, used 256K [0x00000000d5580000, 0x00000000d6a80000, 0x0000000100000000)
  eden space 17408K, 0% used [0x00000000d5580000,0x00000000d5580000,0x00000000d6680000)
  from space 2560K, 10% used [0x00000000d6700000,0x00000000d6740000,0x00000000d6980000)
  to   space 1024K, 0% used [0x00000000d6980000,0x00000000d6980000,0x00000000d6a80000)
 ParOldGen       total 83968K, used 83959K [0x0000000080000000, 0x0000000085200000, 0x00000000d5580000)
  object space 83968K, 99% used [0x0000000080000000,0x00000000851fdc08,0x0000000085200000)
 Metaspace       used 58385K, committed 59776K, reserved 1114112K
  class space    used 6273K, committed 6848K, reserved 1048576K
}
Event: 42.836 GC heap after
{Heap after GC invocations=80 (full 3):
 PSYoungGen      total 19968K, used 0K [0x00000000d5580000, 0x00000000d6a80000, 0x0000000100000000)
  eden space 17408K, 0% used [0x00000000d5580000,0x00000000d5580000,0x00000000d6680000)
  from space 2560K, 0% used [0x00000000d6700000,0x00000000d6700000,0x00000000d6980000)
  to   space 1024K, 0% used [0x00000000d6980000,0x00000000d6980000,0x00000000d6a80000)
 ParOldGen       total 83968K, used 66066K [0x0000000080000000, 0x0000000085200000, 0x00000000d5580000)
  object space 83968K, 78% used [0x0000000080000000,0x0000000084084a58,0x0000000085200000)
 Metaspace       used 58381K, committed 59776K, reserved 1114112K
  class space    used 6272K, committed 6848K, reserved 1048576K
}
Event: 43.768 GC heap before
{Heap before GC invocations=81 (full 3):
 PSYoungGen      total 19968K, used 17408K [0x00000000d5580000, 0x00000000d6a80000, 0x0000000100000000)
  eden space 17408K, 100% used [0x00000000d5580000,0x00000000d6680000,0x00000000d6680000)
  from space 2560K, 0% used [0x00000000d6700000,0x00000000d6700000,0x00000000d6980000)
  to   space 1024K, 0% used [0x00000000d6980000,0x00000000d6980000,0x00000000d6a80000)
 ParOldGen       total 83968K, used 66066K [0x0000000080000000, 0x0000000085200000, 0x00000000d5580000)
  object space 83968K, 78% used [0x0000000080000000,0x0000000084084a58,0x0000000085200000)
 Metaspace       used 59586K, committed 61056K, reserved 1114112K
  class space    used 6370K, committed 6976K, reserved 1048576K
}
Event: 43.770 GC heap after
{Heap after GC invocations=81 (full 3):
 PSYoungGen      total 18432K, used 1017K [0x00000000d5580000, 0x00000000d6a80000, 0x0000000100000000)
  eden space 17408K, 0% used [0x00000000d5580000,0x00000000d5580000,0x00000000d6680000)
  from space 1024K, 99% used [0x00000000d6980000,0x00000000d6a7e470,0x00000000d6a80000)
  to   space 2048K, 0% used [0x00000000d6680000,0x00000000d6680000,0x00000000d6880000)
 ParOldGen       total 83968K, used 66627K [0x0000000080000000, 0x0000000085200000, 0x00000000d5580000)
  object space 83968K, 79% used [0x0000000080000000,0x0000000084110c68,0x0000000085200000)
 Metaspace       used 59586K, committed 61056K, reserved 1114112K
  class space    used 6370K, committed 6976K, reserved 1048576K
}
Event: 44.036 GC heap before
{Heap before GC invocations=82 (full 3):
 PSYoungGen      total 18432K, used 18425K [0x00000000d5580000, 0x00000000d6a80000, 0x0000000100000000)
  eden space 17408K, 100% used [0x00000000d5580000,0x00000000d6680000,0x00000000d6680000)
  from space 1024K, 99% used [0x00000000d6980000,0x00000000d6a7e470,0x00000000d6a80000)
  to   space 2048K, 0% used [0x00000000d6680000,0x00000000d6680000,0x00000000d6880000)
 ParOldGen       total 83968K, used 66627K [0x0000000080000000, 0x0000000085200000, 0x00000000d5580000)
  object space 83968K, 79% used [0x0000000080000000,0x0000000084110c68,0x0000000085200000)
 Metaspace       used 60192K, committed 61568K, reserved 1114112K
  class space    used 6389K, committed 6976K, reserved 1048576K
}
Event: 44.041 GC heap after
{Heap after GC invocations=82 (full 3):
 PSYoungGen      total 19456K, used 2047K [0x00000000d5580000, 0x00000000d6f80000, 0x0000000100000000)
  eden space 17408K, 0% used [0x00000000d5580000,0x00000000d5580000,0x00000000d6680000)
  from space 2048K, 99% used [0x00000000d6680000,0x00000000d687ff40,0x00000000d6880000)
  to   space 4608K, 0% used [0x00000000d6b00000,0x00000000d6b00000,0x00000000d6f80000)
 ParOldGen       total 83968K, used 68410K [0x0000000080000000, 0x0000000085200000, 0x00000000d5580000)
  object space 83968K, 81% used [0x0000000080000000,0x00000000842ceaf8,0x0000000085200000)
 Metaspace       used 60192K, committed 61568K, reserved 1114112K
  class space    used 6389K, committed 6976K, reserved 1048576K
}
Event: 44.234 GC heap before
{Heap before GC invocations=83 (full 3):
 PSYoungGen      total 19456K, used 19455K [0x00000000d5580000, 0x00000000d6f80000, 0x0000000100000000)
  eden space 17408K, 100% used [0x00000000d5580000,0x00000000d6680000,0x00000000d6680000)
  from space 2048K, 99% used [0x00000000d6680000,0x00000000d687ff40,0x00000000d6880000)
  to   space 4608K, 0% used [0x00000000d6b00000,0x00000000d6b00000,0x00000000d6f80000)
 ParOldGen       total 83968K, used 68410K [0x0000000080000000, 0x0000000085200000, 0x00000000d5580000)
  object space 83968K, 81% used [0x0000000080000000,0x00000000842ceaf8,0x0000000085200000)
 Metaspace       used 60386K, committed 61760K, reserved 1114112K
  class space    used 6405K, committed 6976K, reserved 1048576K
}
Event: 44.238 GC heap after
{Heap after GC invocations=83 (full 3):
 PSYoungGen      total 18944K, used 1488K [0x00000000d5580000, 0x00000000d6c80000, 0x0000000100000000)
  eden space 17408K, 0% used [0x00000000d5580000,0x00000000d5580000,0x00000000d6680000)
  from space 1536K, 96% used [0x00000000d6b00000,0x00000000d6c742c8,0x00000000d6c80000)
  to   space 2560K, 0% used [0x00000000d6780000,0x00000000d6780000,0x00000000d6a00000)
 ParOldGen       total 83968K, used 69464K [0x0000000080000000, 0x0000000085200000, 0x00000000d5580000)
  object space 83968K, 82% used [0x0000000080000000,0x00000000843d6178,0x0000000085200000)
 Metaspace       used 60386K, committed 61760K, reserved 1114112K
  class space    used 6405K, committed 6976K, reserved 1048576K
}
Event: 44.323 GC heap before
{Heap before GC invocations=84 (full 3):
 PSYoungGen      total 18944K, used 18896K [0x00000000d5580000, 0x00000000d6c80000, 0x0000000100000000)
  eden space 17408K, 100% used [0x00000000d5580000,0x00000000d6680000,0x00000000d6680000)
  from space 1536K, 96% used [0x00000000d6b00000,0x00000000d6c742c8,0x00000000d6c80000)
  to   space 2560K, 0% used [0x00000000d6780000,0x00000000d6780000,0x00000000d6a00000)
 ParOldGen       total 83968K, used 69464K [0x0000000080000000, 0x0000000085200000, 0x00000000d5580000)
  object space 83968K, 82% used [0x0000000080000000,0x00000000843d6178,0x0000000085200000)
 Metaspace       used 60439K, committed 61824K, reserved 1114112K
  class space    used 6405K, committed 6976K, reserved 1048576K
}
Event: 44.326 GC heap after
{Heap after GC invocations=84 (full 3):
 PSYoungGen      total 19456K, used 1785K [0x00000000d5580000, 0x00000000d6b80000, 0x0000000100000000)
  eden space 17408K, 0% used [0x00000000d5580000,0x00000000d5580000,0x00000000d6680000)
  from space 2048K, 87% used [0x00000000d6780000,0x00000000d693e718,0x00000000d6980000)
  to   space 2048K, 0% used [0x00000000d6980000,0x00000000d6980000,0x00000000d6b80000)
 ParOldGen       total 83968K, used 69804K [0x0000000080000000, 0x0000000085200000, 0x00000000d5580000)
  object space 83968K, 83% used [0x0000000080000000,0x000000008442b378,0x0000000085200000)
 Metaspace       used 60439K, committed 61824K, reserved 1114112K
  class space    used 6405K, committed 6976K, reserved 1048576K
}
Event: 44.435 GC heap before
{Heap before GC invocations=85 (full 3):
 PSYoungGen      total 19456K, used 19193K [0x00000000d5580000, 0x00000000d6b80000, 0x0000000100000000)
  eden space 17408K, 100% used [0x00000000d5580000,0x00000000d6680000,0x00000000d6680000)
  from space 2048K, 87% used [0x00000000d6780000,0x00000000d693e718,0x00000000d6980000)
  to   space 2048K, 0% used [0x00000000d6980000,0x00000000d6980000,0x00000000d6b80000)
 ParOldGen       total 83968K, used 69804K [0x0000000080000000, 0x0000000085200000, 0x00000000d5580000)
  object space 83968K, 83% used [0x0000000080000000,0x000000008442b378,0x0000000085200000)
 Metaspace       used 60711K, committed 62080K, reserved 1114112K
  class space    used 6413K, committed 6976K, reserved 1048576K
}
Event: 44.437 GC heap after
{Heap after GC invocations=85 (full 3):
 PSYoungGen      total 18432K, used 832K [0x00000000d5580000, 0x00000000d6a80000, 0x0000000100000000)
  eden space 17408K, 0% used [0x00000000d5580000,0x00000000d5580000,0x00000000d6680000)
  from space 1024K, 81% used [0x00000000d6980000,0x00000000d6a50000,0x00000000d6a80000)
  to   space 1536K, 0% used [0x00000000d6780000,0x00000000d6780000,0x00000000d6900000)
 ParOldGen       total 83968K, used 70444K [0x0000000080000000, 0x0000000085200000, 0x00000000d5580000)
  object space 83968K, 83% used [0x0000000080000000,0x00000000844cb378,0x0000000085200000)
 Metaspace       used 60711K, committed 62080K, reserved 1114112K
  class space    used 6413K, committed 6976K, reserved 1048576K
}
Event: 44.733 GC heap before
{Heap before GC invocations=86 (full 3):
 PSYoungGen      total 18432K, used 18240K [0x00000000d5580000, 0x00000000d6a80000, 0x0000000100000000)
  eden space 17408K, 100% used [0x00000000d5580000,0x00000000d6680000,0x00000000d6680000)
  from space 1024K, 81% used [0x00000000d6980000,0x00000000d6a50000,0x00000000d6a80000)
  to   space 1536K, 0% used [0x00000000d6780000,0x00000000d6780000,0x00000000d6900000)
 ParOldGen       total 83968K, used 70444K [0x0000000080000000, 0x0000000085200000, 0x00000000d5580000)
  object space 83968K, 83% used [0x0000000080000000,0x00000000844cb378,0x0000000085200000)
 Metaspace       used 61369K, committed 62848K, reserved 1114112K
  class space    used 6480K, committed 7104K, reserved 1048576K
}
Event: 44.739 GC heap after
{Heap after GC invocations=86 (full 3):
 PSYoungGen      total 18432K, used 1024K [0x00000000d5580000, 0x00000000d6a00000, 0x0000000100000000)
  eden space 17408K, 0% used [0x00000000d5580000,0x00000000d5580000,0x00000000d6680000)
  from space 1024K, 100% used [0x00000000d6780000,0x00000000d6880000,0x00000000d6880000)
  to   space 1536K, 0% used [0x00000000d6880000,0x00000000d6880000,0x00000000d6a00000)
 ParOldGen       total 83968K, used 70644K [0x0000000080000000, 0x0000000085200000, 0x00000000d5580000)
  object space 83968K, 84% used [0x0000000080000000,0x00000000844fd378,0x0000000085200000)
 Metaspace       used 61369K, committed 62848K, reserved 1114112K
  class space    used 6480K, committed 7104K, reserved 1048576K
}
Event: 45.236 GC heap before
{Heap before GC invocations=87 (full 3):
 PSYoungGen      total 18432K, used 18432K [0x00000000d5580000, 0x00000000d6a00000, 0x0000000100000000)
  eden space 17408K, 100% used [0x00000000d5580000,0x00000000d6680000,0x00000000d6680000)
  from space 1024K, 100% used [0x00000000d6780000,0x00000000d6880000,0x00000000d6880000)
  to   space 1536K, 0% used [0x00000000d6880000,0x00000000d6880000,0x00000000d6a00000)
 ParOldGen       total 83968K, used 70644K [0x0000000080000000, 0x0000000085200000, 0x00000000d5580000)
  object space 83968K, 84% used [0x0000000080000000,0x00000000844fd378,0x0000000085200000)
 Metaspace       used 62175K, committed 63616K, reserved 1114112K
  class space    used 6547K, committed 7168K, reserved 1048576K
}
Event: 45.238 GC heap after
{Heap after GC invocations=87 (full 3):
 PSYoungGen      total 18432K, used 890K [0x00000000d5580000, 0x00000000d6980000, 0x0000000100000000)
  eden space 17408K, 0% used [0x00000000d5580000,0x00000000d5580000,0x00000000d6680000)
  from space 1024K, 86% used [0x00000000d6880000,0x00000000d695e900,0x00000000d6980000)
  to   space 1024K, 0% used [0x00000000d6780000,0x00000000d6780000,0x00000000d6880000)
 ParOldGen       total 83968K, used 71212K [0x0000000080000000, 0x0000000085200000, 0x00000000d5580000)
  object space 83968K, 84% used [0x0000000080000000,0x000000008458b378,0x0000000085200000)
 Metaspace       used 62175K, committed 63616K, reserved 1114112K
  class space    used 6547K, committed 7168K, reserved 1048576K
}
Event: 45.876 GC heap before
{Heap before GC invocations=88 (full 3):
 PSYoungGen      total 18432K, used 18236K [0x00000000d5580000, 0x00000000d6980000, 0x0000000100000000)
  eden space 17408K, 99% used [0x00000000d5580000,0x00000000d6670a90,0x00000000d6680000)
  from space 1024K, 86% used [0x00000000d6880000,0x00000000d695e900,0x00000000d6980000)
  to   space 1024K, 0% used [0x00000000d6780000,0x00000000d6780000,0x00000000d6880000)
 ParOldGen       total 83968K, used 71212K [0x0000000080000000, 0x0000000085200000, 0x00000000d5580000)
  object space 83968K, 84% used [0x0000000080000000,0x000000008458b378,0x0000000085200000)
 Metaspace       used 62810K, committed 64256K, reserved 1114112K
  class space    used 6608K, committed 7232K, reserved 1048576K
}
Event: 45.879 GC heap after
{Heap after GC invocations=88 (full 3):
 PSYoungGen      total 18432K, used 512K [0x00000000d5580000, 0x00000000d6900000, 0x0000000100000000)
  eden space 17408K, 0% used [0x00000000d5580000,0x00000000d5580000,0x00000000d6680000)
  from space 1024K, 50% used [0x00000000d6780000,0x00000000d6800020,0x00000000d6880000)
  to   space 512K, 0% used [0x00000000d6880000,0x00000000d6880000,0x00000000d6900000)
 ParOldGen       total 83968K, used 71851K [0x0000000080000000, 0x0000000085200000, 0x00000000d5580000)
  object space 83968K, 85% used [0x0000000080000000,0x000000008462aed8,0x0000000085200000)
 Metaspace       used 62810K, committed 64256K, reserved 1114112K
  class space    used 6608K, committed 7232K, reserved 1048576K
}
Event: 47.295 GC heap before
{Heap before GC invocations=89 (full 3):
 PSYoungGen      total 18432K, used 17916K [0x00000000d5580000, 0x00000000d6900000, 0x0000000100000000)
  eden space 17408K, 99% used [0x00000000d5580000,0x00000000d667f030,0x00000000d6680000)
  from space 1024K, 50% used [0x00000000d6780000,0x00000000d6800020,0x00000000d6880000)
  to   space 512K, 0% used [0x00000000d6880000,0x00000000d6880000,0x00000000d6900000)
 ParOldGen       total 83968K, used 71851K [0x0000000080000000, 0x0000000085200000, 0x00000000d5580000)
  object space 83968K, 85% used [0x0000000080000000,0x000000008462aed8,0x0000000085200000)
 Metaspace       used 62908K, committed 64320K, reserved 1114112K
  class space    used 6616K, committed 7232K, reserved 1048576K
}
Event: 47.296 GC heap after
{Heap after GC invocations=89 (full 3):
 PSYoungGen      total 17920K, used 504K [0x00000000d5580000, 0x00000000d6900000, 0x0000000100000000)
  eden space 17408K, 0% used [0x00000000d5580000,0x00000000d5580000,0x00000000d6680000)
  from space 512K, 98% used [0x00000000d6880000,0x00000000d68fe3f0,0x00000000d6900000)
  to   space 1024K, 0% used [0x00000000d6700000,0x00000000d6700000,0x00000000d6800000)
 ParOldGen       total 83968K, used 72104K [0x0000000080000000, 0x0000000085200000, 0x00000000d5580000)
  object space 83968K, 85% used [0x0000000080000000,0x000000008466a168,0x0000000085200000)
 Metaspace       used 62908K, committed 64320K, reserved 1114112K
  class space    used 6616K, committed 7232K, reserved 1048576K
}

