# JRE version: OpenJDK Runtime Environment Temurin-17.0.16+8 (17.0.16+8) (build 17.0.16+8)
# Java VM: OpenJDK 64-Bit Server VM Temurin-17.0.16+8 (17.0.16+8, mixed mode, sharing, tiered, compressed oops, compressed class ptrs, g1 gc, windows-amd64)
GC Precious Log:
 CPUs: 8 total, 8 available
 Memory: 7455M
 Large Page Support: Disabled
 NUMA Support: Disabled
 Compressed Oops: Enabled (32-bit)
 Heap Region Size: 1M
 Heap Min Capacity: 8M
 Heap Initial Capacity: 118M
 Heap Max Capacity: 1864M
 Pre-touch: Disabled
 Parallel Workers: 8
 Concurrent Workers: 2
 Concurrent Refinement Workers: 8
 Periodic GC: Disabled
Heap:
 garbage-first heap   total 58368K, used 20616K [0x000000008b800000, 0x0000000100000000)
  region size 1024K, 3 young (3072K), 2 survivors (2048K)
 Metaspace       used 33199K, committed 33664K, reserved 1114112K
  class space    used 4309K, committed 4544K, reserved 1048576K
GC Heap History (14 events):
Event: 6.634 GC heap before
{Heap before GC invocations=0 (full 0):
 garbage-first heap   total 120832K, used 25600K [0x000000008b800000, 0x0000000100000000)
  region size 1024K, 23 young (23552K), 0 survivors (0K)
 Metaspace       used 5750K, committed 5952K, reserved 1114112K
  class space    used 675K, committed 768K, reserved 1048576K
}
Event: 6.657 GC heap after
{Heap after GC invocations=1 (full 0):
 garbage-first heap   total 120832K, used 8736K [0x000000008b800000, 0x0000000100000000)
  region size 1024K, 3 young (3072K), 3 survivors (3072K)
 Metaspace       used 5750K, committed 5952K, reserved 1114112K
  class space    used 675K, committed 768K, reserved 1048576K
}
Event: 9.353 GC heap before
{Heap before GC invocations=1 (full 0):
 garbage-first heap   total 120832K, used 34336K [0x000000008b800000, 0x0000000100000000)
  region size 1024K, 28 young (28672K), 3 survivors (3072K)
 Metaspace       used 11236K, committed 11584K, reserved 1114112K
  class space    used 1498K, committed 1664K, reserved 1048576K
}
Event: 9.362 GC heap after
{Heap after GC invocations=2 (full 0):
 garbage-first heap   total 120832K, used 10765K [0x000000008b800000, 0x0000000100000000)
  region size 1024K, 2 young (2048K), 2 survivors (2048K)
 Metaspace       used 11236K, committed 11584K, reserved 1114112K
  class space    used 1498K, committed 1664K, reserved 1048576K
}
Event: 12.553 GC heap before
{Heap before GC invocations=2 (full 0):
 garbage-first heap   total 120832K, used 58893K [0x000000008b800000, 0x0000000100000000)
  region size 1024K, 51 young (52224K), 2 survivors (2048K)
 Metaspace       used 21220K, committed 21504K, reserved 1114112K
  class space    used 2741K, committed 2880K, reserved 1048576K
}
Event: 12.566 GC heap after
{Heap after GC invocations=3 (full 0):
 garbage-first heap   total 120832K, used 15280K [0x000000008b800000, 0x0000000100000000)
  region size 1024K, 7 young (7168K), 7 survivors (7168K)
 Metaspace       used 21220K, committed 21504K, reserved 1114112K
  class space    used 2741K, committed 2880K, reserved 1048576K
}
Event: 16.447 GC heap before
{Heap before GC invocations=4 (full 0):
 garbage-first heap   total 58368K, used 42928K [0x000000008b800000, 0x0000000100000000)
  region size 1024K, 34 young (34816K), 7 survivors (7168K)
 Metaspace       used 24626K, committed 25024K, reserved 1114112K
  class space    used 3143K, committed 3328K, reserved 1048576K
}
Event: 16.468 GC heap after
{Heap after GC invocations=5 (full 0):
 garbage-first heap   total 58368K, used 17093K [0x000000008b800000, 0x0000000100000000)
  region size 1024K, 3 young (3072K), 3 survivors (3072K)
 Metaspace       used 24626K, committed 25024K, reserved 1114112K
  class space    used 3143K, committed 3328K, reserved 1048576K
}
Event: 16.556 GC heap before
{Heap before GC invocations=5 (full 0):
 garbage-first heap   total 58368K, used 18117K [0x000000008b800000, 0x0000000100000000)
  region size 1024K, 4 young (4096K), 3 survivors (3072K)
 Metaspace       used 24743K, committed 25088K, reserved 1114112K
  class space    used 3160K, committed 3328K, reserved 1048576K
}
Event: 16.564 GC heap after
{Heap after GC invocations=6 (full 0):
 garbage-first heap   total 58368K, used 16925K [0x000000008b800000, 0x0000000100000000)
  region size 1024K, 1 young (1024K), 1 survivors (1024K)
 Metaspace       used 24743K, committed 25088K, reserved 1114112K
  class space    used 3160K, committed 3328K, reserved 1048576K
}
Event: 19.219 GC heap before
{Heap before GC invocations=6 (full 0):
 garbage-first heap   total 58368K, used 40477K [0x000000008b800000, 0x0000000100000000)
  region size 1024K, 24 young (24576K), 1 survivors (1024K)
 Metaspace       used 28487K, committed 28864K, reserved 1114112K
  class space    used 3705K, committed 3904K, reserved 1048576K
}
Event: 19.232 GC heap after
{Heap after GC invocations=7 (full 0):
 garbage-first heap   total 58368K, used 18651K [0x000000008b800000, 0x0000000100000000)
  region size 1024K, 3 young (3072K), 3 survivors (3072K)
 Metaspace       used 28487K, committed 28864K, reserved 1114112K
  class space    used 3705K, committed 3904K, reserved 1048576K
}
Event: 24.149 GC heap before
{Heap before GC invocations=7 (full 0):
 garbage-first heap   total 58368K, used 41179K [0x000000008b800000, 0x0000000100000000)
  region size 1024K, 25 young (25600K), 3 survivors (3072K)
 Metaspace       used 33139K, committed 33664K, reserved 1114112K
  class space    used 4296K, committed 4544K, reserved 1048576K
}
Event: 24.162 GC heap after
{Heap after GC invocations=8 (full 0):
 garbage-first heap   total 58368K, used 20616K [0x000000008b800000, 0x0000000100000000)
  region size 1024K, 2 young (2048K), 2 survivors (2048K)
 Metaspace       used 33139K, committed 33664K, reserved 1114112K
  class space    used 4296K, committed 4544K, reserved 1048576K
}

