# JRE version: OpenJDK Runtime Environment Temurin-21.0.10+7 (21.0.10+7) (build 21.0.10+7-LTS)
# Java VM: OpenJDK 64-Bit Server VM Temurin-21.0.10+7 (21.0.10+7-LTS, mixed mode, sharing, tiered, compressed oops, compressed class ptrs, parallel gc, windows-amd64)
GC Precious Log:
 CardTable entry size: 512
 CPUs: 8 total, 8 available
 Memory: 7455M
 Large Page Support: Disabled
 NUMA Support: Disabled
 Compressed Oops: Enabled (32-bit)
 Alignments: Space 512K, Generation 512K, Heap 2M
 Heap Min Capacity: 100M
 Heap Initial Capacity: 100M
 Heap Max Capacity: 2G
 Pre-touch: Disabled
 Parallel Workers: 8
Heap:
 PSYoungGen      total 11776K, used 1728K [0x00000000d5580000, 0x00000000d6500000, 0x0000000100000000)
  eden space 11264K, 13% used [0x00000000d5580000,0x00000000d56f03a0,0x00000000d6080000)
  from space 512K, 50% used [0x00000000d6400000,0x00000000d6440000,0x00000000d6480000)
  to   space 512K, 0% used [0x00000000d6480000,0x00000000d6480000,0x00000000d6500000)
 ParOldGen       total 207872K, used 207170K [0x0000000080000000, 0x000000008cb00000, 0x00000000d5580000)
  object space 207872K, 99% used [0x0000000080000000,0x000000008ca50938,0x000000008cb00000)
 Metaspace       used 75352K, committed 76992K, reserved 1179648K
  class space    used 7981K, committed 8704K, reserved 1048576K
GC Heap History (20 events):
Event: 224.444 GC heap before
{Heap before GC invocations=123 (full 3):
 PSYoungGen      total 17408K, used 16177K [0x00000000d5580000, 0x00000000d6a00000, 0x0000000100000000)
  eden space 14848K, 100% used [0x00000000d5580000,0x00000000d6400000,0x00000000d6400000)
  from space 2560K, 51% used [0x00000000d6580000,0x00000000d66cc730,0x00000000d6800000)
  to   space 1536K, 0% used [0x00000000d6880000,0x00000000d6880000,0x00000000d6a00000)
 ParOldGen       total 173568K, used 173431K [0x0000000080000000, 0x000000008a980000, 0x00000000d5580000)
  object space 173568K, 99% used [0x0000000080000000,0x000000008a95df28,0x000000008a980000)
 Metaspace       used 70481K, committed 72128K, reserved 1114112K
  class space    used 7491K, committed 8192K, reserved 1048576K
}
Event: 224.449 GC heap after
{Heap after GC invocations=123 (full 3):
 PSYoungGen      total 12800K, used 1527K [0x00000000d5580000, 0x00000000d7400000, 0x0000000100000000)
  eden space 11264K, 0% used [0x00000000d5580000,0x00000000d5580000,0x00000000d6080000)
  from space 1536K, 99% used [0x00000000d6880000,0x00000000d69fdd18,0x00000000d6a00000)
  to   space 8192K, 0% used [0x00000000d6080000,0x00000000d6080000,0x00000000d6880000)
 ParOldGen       total 179200K, used 178787K [0x0000000080000000, 0x000000008af00000, 0x00000000d5580000)
  object space 179200K, 99% used [0x0000000080000000,0x000000008ae98de0,0x000000008af00000)
 Metaspace       used 70481K, committed 72128K, reserved 1114112K
  class space    used 7491K, committed 8192K, reserved 1048576K
}
Event: 225.209 GC heap before
{Heap before GC invocations=124 (full 3):
 PSYoungGen      total 12800K, used 12791K [0x00000000d5580000, 0x00000000d7400000, 0x0000000100000000)
  eden space 11264K, 100% used [0x00000000d5580000,0x00000000d6080000,0x00000000d6080000)
  from space 1536K, 99% used [0x00000000d6880000,0x00000000d69fdd18,0x00000000d6a00000)
  to   space 8192K, 0% used [0x00000000d6080000,0x00000000d6080000,0x00000000d6880000)
 ParOldGen       total 179200K, used 178787K [0x0000000080000000, 0x000000008af00000, 0x00000000d5580000)
  object space 179200K, 99% used [0x0000000080000000,0x000000008ae98de0,0x000000008af00000)
 Metaspace       used 70752K, committed 72256K, reserved 1114112K
  class space    used 7536K, committed 8192K, reserved 1048576K
}
Event: 225.212 GC heap after
{Heap after GC invocations=124 (full 3):
 PSYoungGen      total 13312K, used 1632K [0x00000000d5580000, 0x00000000d6900000, 0x0000000100000000)
  eden space 11264K, 0% used [0x00000000d5580000,0x00000000d5580000,0x00000000d6080000)
  from space 2048K, 79% used [0x00000000d6080000,0x00000000d6218000,0x00000000d6280000)
  to   space 3584K, 0% used [0x00000000d6580000,0x00000000d6580000,0x00000000d6900000)
 ParOldGen       total 179200K, used 179043K [0x0000000080000000, 0x000000008af00000, 0x00000000d5580000)
  object space 179200K, 99% used [0x0000000080000000,0x000000008aed8de0,0x000000008af00000)
 Metaspace       used 70752K, committed 72256K, reserved 1114112K
  class space    used 7536K, committed 8192K, reserved 1048576K
}
Event: 226.010 GC heap before
{Heap before GC invocations=125 (full 3):
 PSYoungGen      total 13312K, used 12896K [0x00000000d5580000, 0x00000000d6900000, 0x0000000100000000)
  eden space 11264K, 100% used [0x00000000d5580000,0x00000000d6080000,0x00000000d6080000)
  from space 2048K, 79% used [0x00000000d6080000,0x00000000d6218000,0x00000000d6280000)
  to   space 3584K, 0% used [0x00000000d6580000,0x00000000d6580000,0x00000000d6900000)
 ParOldGen       total 179200K, used 179043K [0x0000000080000000, 0x000000008af00000, 0x00000000d5580000)
  object space 179200K, 99% used [0x0000000080000000,0x000000008aed8de0,0x000000008af00000)
 Metaspace       used 71040K, committed 72576K, reserved 1114112K
  class space    used 7574K, committed 8256K, reserved 1048576K
}
Event: 226.014 GC heap after
{Heap after GC invocations=125 (full 3):
 PSYoungGen      total 12288K, used 832K [0x00000000d5580000, 0x00000000d6680000, 0x0000000100000000)
  eden space 11264K, 0% used [0x00000000d5580000,0x00000000d5580000,0x00000000d6080000)
  from space 1024K, 81% used [0x00000000d6580000,0x00000000d6650000,0x00000000d6680000)
  to   space 1536K, 0% used [0x00000000d6380000,0x00000000d6380000,0x00000000d6500000)
 ParOldGen       total 180736K, used 180295K [0x0000000080000000, 0x000000008b080000, 0x00000000d5580000)
  object space 180736K, 99% used [0x0000000080000000,0x000000008b011df0,0x000000008b080000)
 Metaspace       used 71040K, committed 72576K, reserved 1114112K
  class space    used 7574K, committed 8256K, reserved 1048576K
}
Event: 237.999 GC heap before
{Heap before GC invocations=126 (full 3):
 PSYoungGen      total 12288K, used 12073K [0x00000000d5580000, 0x00000000d6680000, 0x0000000100000000)
  eden space 11264K, 99% used [0x00000000d5580000,0x00000000d607a5e0,0x00000000d6080000)
  from space 1024K, 81% used [0x00000000d6580000,0x00000000d6650000,0x00000000d6680000)
  to   space 1536K, 0% used [0x00000000d6380000,0x00000000d6380000,0x00000000d6500000)
 ParOldGen       total 180736K, used 180295K [0x0000000080000000, 0x000000008b080000, 0x00000000d5580000)
  object space 180736K, 99% used [0x0000000080000000,0x000000008b011df0,0x000000008b080000)
 Metaspace       used 71946K, committed 73600K, reserved 1179648K
  class space    used 7670K, committed 8384K, reserved 1048576K
}
Event: 238.004 GC heap after
{Heap after GC invocations=126 (full 3):
 PSYoungGen      total 12800K, used 645K [0x00000000d5580000, 0x00000000d6600000, 0x0000000100000000)
  eden space 11264K, 0% used [0x00000000d5580000,0x00000000d5580000,0x00000000d6080000)
  from space 1536K, 41% used [0x00000000d6380000,0x00000000d6421420,0x00000000d6500000)
  to   space 1024K, 0% used [0x00000000d6500000,0x00000000d6500000,0x00000000d6600000)
 ParOldGen       total 181248K, used 180919K [0x0000000080000000, 0x000000008b100000, 0x00000000d5580000)
  object space 181248K, 99% used [0x0000000080000000,0x000000008b0addf0,0x000000008b100000)
 Metaspace       used 71946K, committed 73600K, reserved 1179648K
  class space    used 7670K, committed 8384K, reserved 1048576K
}
Event: 241.349 GC heap before
{Heap before GC invocations=127 (full 3):
 PSYoungGen      total 12800K, used 11909K [0x00000000d5580000, 0x00000000d6600000, 0x0000000100000000)
  eden space 11264K, 100% used [0x00000000d5580000,0x00000000d6080000,0x00000000d6080000)
  from space 1536K, 41% used [0x00000000d6380000,0x00000000d6421420,0x00000000d6500000)
  to   space 1024K, 0% used [0x00000000d6500000,0x00000000d6500000,0x00000000d6600000)
 ParOldGen       total 181248K, used 180919K [0x0000000080000000, 0x000000008b100000, 0x00000000d5580000)
  object space 181248K, 99% used [0x0000000080000000,0x000000008b0addf0,0x000000008b100000)
 Metaspace       used 73147K, committed 74816K, reserved 1179648K
  class space    used 7761K, committed 8512K, reserved 1048576K
}
Event: 241.353 GC heap after
{Heap after GC invocations=127 (full 3):
 PSYoungGen      total 12288K, used 608K [0x00000000d5580000, 0x00000000d6600000, 0x0000000100000000)
  eden space 11264K, 0% used [0x00000000d5580000,0x00000000d5580000,0x00000000d6080000)
  from space 1024K, 59% used [0x00000000d6500000,0x00000000d6598000,0x00000000d6600000)
  to   space 1024K, 0% used [0x00000000d6400000,0x00000000d6400000,0x00000000d6500000)
 ParOldGen       total 181760K, used 181395K [0x0000000080000000, 0x000000008b180000, 0x00000000d5580000)
  object space 181760K, 99% used [0x0000000080000000,0x000000008b124f88,0x000000008b180000)
 Metaspace       used 73147K, committed 74816K, reserved 1179648K
  class space    used 7761K, committed 8512K, reserved 1048576K
}
Event: 242.680 GC heap before
{Heap before GC invocations=128 (full 3):
 PSYoungGen      total 12288K, used 11802K [0x00000000d5580000, 0x00000000d6600000, 0x0000000100000000)
  eden space 11264K, 99% used [0x00000000d5580000,0x00000000d606ea48,0x00000000d6080000)
  from space 1024K, 59% used [0x00000000d6500000,0x00000000d6598000,0x00000000d6600000)
  to   space 1024K, 0% used [0x00000000d6400000,0x00000000d6400000,0x00000000d6500000)
 ParOldGen       total 181760K, used 181395K [0x0000000080000000, 0x000000008b180000, 0x00000000d5580000)
  object space 181760K, 99% used [0x0000000080000000,0x000000008b124f88,0x000000008b180000)
 Metaspace       used 73896K, committed 75584K, reserved 1179648K
  class space    used 7846K, committed 8576K, reserved 1048576K
}
Event: 242.684 GC heap after
{Heap after GC invocations=128 (full 3):
 PSYoungGen      total 12288K, used 1008K [0x00000000d5580000, 0x00000000d6680000, 0x0000000100000000)
  eden space 11264K, 0% used [0x00000000d5580000,0x00000000d5580000,0x00000000d6080000)
  from space 1024K, 98% used [0x00000000d6400000,0x00000000d64fc098,0x00000000d6500000)
  to   space 1536K, 0% used [0x00000000d6500000,0x00000000d6500000,0x00000000d6680000)
 ParOldGen       total 182784K, used 182678K [0x0000000080000000, 0x000000008b280000, 0x00000000d5580000)
  object space 182784K, 99% used [0x0000000080000000,0x000000008b265a28,0x000000008b280000)
 Metaspace       used 73896K, committed 75584K, reserved 1179648K
  class space    used 7846K, committed 8576K, reserved 1048576K
}
Event: 6600.858 GC heap before
{Heap before GC invocations=129 (full 3):
 PSYoungGen      total 12288K, used 12272K [0x00000000d5580000, 0x00000000d6680000, 0x0000000100000000)
  eden space 11264K, 100% used [0x00000000d5580000,0x00000000d6080000,0x00000000d6080000)
  from space 1024K, 98% used [0x00000000d6400000,0x00000000d64fc098,0x00000000d6500000)
  to   space 1536K, 0% used [0x00000000d6500000,0x00000000d6500000,0x00000000d6680000)
 ParOldGen       total 182784K, used 182678K [0x0000000080000000, 0x000000008b280000, 0x00000000d5580000)
  object space 182784K, 99% used [0x0000000080000000,0x000000008b265a28,0x000000008b280000)
 Metaspace       used 74678K, committed 76288K, reserved 1179648K
  class space    used 7921K, committed 8640K, reserved 1048576K
}
Event: 6600.979 GC heap after
{Heap after GC invocations=129 (full 3):
 PSYoungGen      total 12288K, used 851K [0x00000000d5580000, 0x00000000d6600000, 0x0000000100000000)
  eden space 11264K, 0% used [0x00000000d5580000,0x00000000d5580000,0x00000000d6080000)
  from space 1024K, 83% used [0x00000000d6500000,0x00000000d65d4c20,0x00000000d6600000)
  to   space 1536K, 0% used [0x00000000d6300000,0x00000000d6300000,0x00000000d6480000)
 ParOldGen       total 183808K, used 183410K [0x0000000080000000, 0x000000008b380000, 0x00000000d5580000)
  object space 183808K, 99% used [0x0000000080000000,0x000000008b31c8b8,0x000000008b380000)
 Metaspace       used 74678K, committed 76288K, reserved 1179648K
  class space    used 7921K, committed 8640K, reserved 1048576K
}
Event: 6604.439 GC heap before
{Heap before GC invocations=130 (full 3):
 PSYoungGen      total 12288K, used 12024K [0x00000000d5580000, 0x00000000d6600000, 0x0000000100000000)
  eden space 11264K, 99% used [0x00000000d5580000,0x00000000d60697b0,0x00000000d6080000)
  from space 1024K, 83% used [0x00000000d6500000,0x00000000d65d4c20,0x00000000d6600000)
  to   space 1536K, 0% used [0x00000000d6300000,0x00000000d6300000,0x00000000d6480000)
 ParOldGen       total 183808K, used 183410K [0x0000000080000000, 0x000000008b380000, 0x00000000d5580000)
  object space 183808K, 99% used [0x0000000080000000,0x000000008b31c8b8,0x000000008b380000)
 Metaspace       used 74776K, committed 76416K, reserved 1179648K
  class space    used 7927K, committed 8640K, reserved 1048576K
}
Event: 6604.454 GC heap after
{Heap after GC invocations=130 (full 3):
 PSYoungGen      total 12800K, used 314K [0x00000000d5580000, 0x00000000d6580000, 0x0000000100000000)
  eden space 11264K, 0% used [0x00000000d5580000,0x00000000d5580000,0x00000000d6080000)
  from space 1536K, 20% used [0x00000000d6300000,0x00000000d634e900,0x00000000d6480000)
  to   space 1024K, 0% used [0x00000000d6480000,0x00000000d6480000,0x00000000d6580000)
 ParOldGen       total 184320K, used 183874K [0x0000000080000000, 0x000000008b400000, 0x00000000d5580000)
  object space 184320K, 99% used [0x0000000080000000,0x000000008b390908,0x000000008b400000)
 Metaspace       used 74776K, committed 76416K, reserved 1179648K
  class space    used 7927K, committed 8640K, reserved 1048576K
}
Event: 6618.533 GC heap before
{Heap before GC invocations=131 (full 3):
 PSYoungGen      total 12800K, used 11578K [0x00000000d5580000, 0x00000000d6580000, 0x0000000100000000)
  eden space 11264K, 100% used [0x00000000d5580000,0x00000000d6080000,0x00000000d6080000)
  from space 1536K, 20% used [0x00000000d6300000,0x00000000d634e900,0x00000000d6480000)
  to   space 1024K, 0% used [0x00000000d6480000,0x00000000d6480000,0x00000000d6580000)
 ParOldGen       total 184320K, used 183874K [0x0000000080000000, 0x000000008b400000, 0x00000000d5580000)
  object space 184320K, 99% used [0x0000000080000000,0x000000008b390908,0x000000008b400000)
 Metaspace       used 75222K, committed 76864K, reserved 1179648K
  class space    used 7974K, committed 8704K, reserved 1048576K
}
Event: 6618.547 GC heap after
{Heap after GC invocations=131 (full 3):
 PSYoungGen      total 11776K, used 352K [0x00000000d5580000, 0x00000000d6500000, 0x0000000100000000)
  eden space 11264K, 0% used [0x00000000d5580000,0x00000000d5580000,0x00000000d6080000)
  from space 512K, 68% used [0x00000000d6480000,0x00000000d64d8000,0x00000000d6500000)
  to   space 512K, 0% used [0x00000000d6400000,0x00000000d6400000,0x00000000d6480000)
 ParOldGen       total 184320K, used 183970K [0x0000000080000000, 0x000000008b400000, 0x00000000d5580000)
  object space 184320K, 99% used [0x0000000080000000,0x000000008b3a8908,0x000000008b400000)
 Metaspace       used 75222K, committed 76864K, reserved 1179648K
  class space    used 7974K, committed 8704K, reserved 1048576K
}
Event: 6920.109 GC heap before
{Heap before GC invocations=132 (full 3):
 PSYoungGen      total 11776K, used 11616K [0x00000000d5580000, 0x00000000d6500000, 0x0000000100000000)
  eden space 11264K, 100% used [0x00000000d5580000,0x00000000d6080000,0x00000000d6080000)
  from space 512K, 68% used [0x00000000d6480000,0x00000000d64d8000,0x00000000d6500000)
  to   space 512K, 0% used [0x00000000d6400000,0x00000000d6400000,0x00000000d6480000)
 ParOldGen       total 207872K, used 207010K [0x0000000080000000, 0x000000008cb00000, 0x00000000d5580000)
  object space 207872K, 99% used [0x0000000080000000,0x000000008ca28928,0x000000008cb00000)
 Metaspace       used 75313K, committed 76928K, reserved 1179648K
  class space    used 7981K, committed 8704K, reserved 1048576K
}
Event: 6920.250 GC heap after
{Heap after GC invocations=132 (full 3):
 PSYoungGen      total 11776K, used 256K [0x00000000d5580000, 0x00000000d6500000, 0x0000000100000000)
  eden space 11264K, 0% used [0x00000000d5580000,0x00000000d5580000,0x00000000d6080000)
  from space 512K, 50% used [0x00000000d6400000,0x00000000d6440000,0x00000000d6480000)
  to   space 512K, 0% used [0x00000000d6480000,0x00000000d6480000,0x00000000d6500000)
 ParOldGen       total 207872K, used 207170K [0x0000000080000000, 0x000000008cb00000, 0x00000000d5580000)
  object space 207872K, 99% used [0x0000000080000000,0x000000008ca50938,0x000000008cb00000)
 Metaspace       used 75313K, committed 76928K, reserved 1179648K
  class space    used 7981K, committed 8704K, reserved 1048576K
}

