# JRE version: OpenJDK Runtime Environment Temurin-17.0.16+8 (17.0.16+8) (build 17.0.16+8)
# Java VM: OpenJDK 64-Bit Server VM Temurin-17.0.16+8 (17.0.16+8, mixed mode, sharing, tiered, compressed oops, compressed class ptrs, g1 gc, windows-amd64)
GC Precious Log:
 CPUs: 8 total, 8 available
 Memory: 7455M
 Large Page Support: Disabled
 NUMA Support: Disabled
 Compressed Oops: Enabled (32-bit)
 Heap Region Size: 1M
 Heap Min Capacity: 8M
 Heap Initial Capacity: 118M
 Heap Max Capacity: 1864M
 Pre-touch: Disabled
 Parallel Workers: 8
 Concurrent Workers: 2
 Concurrent Refinement Workers: 8
 Periodic GC: Disabled
Heap:
 garbage-first heap   total 84992K, used 44862K [0x000000008b800000, 0x0000000100000000)
  region size 1024K, 11 young (11264K), 4 survivors (4096K)
 Metaspace       used 29814K, committed 30208K, reserved 1114112K
  class space    used 3465K, committed 3648K, reserved 1048576K
GC Heap History (18 events):
Event: 5.888 GC heap before
{Heap before GC invocations=0 (full 0):
 garbage-first heap   total 120832K, used 23552K [0x000000008b800000, 0x0000000100000000)
  region size 1024K, 23 young (23552K), 0 survivors (0K)
 Metaspace       used 5415K, committed 5568K, reserved 1114112K
  class space    used 653K, committed 768K, reserved 1048576K
}
Event: 5.903 GC heap after
{Heap after GC invocations=1 (full 0):
 garbage-first heap   total 120832K, used 3660K [0x000000008b800000, 0x0000000100000000)
  region size 1024K, 3 young (3072K), 3 survivors (3072K)
 Metaspace       used 5415K, committed 5568K, reserved 1114112K
  class space    used 653K, committed 768K, reserved 1048576K
}
Event: 7.480 GC heap before
{Heap before GC invocations=1 (full 0):
 garbage-first heap   total 120832K, used 34380K [0x000000008b800000, 0x0000000100000000)
  region size 1024K, 33 young (33792K), 3 survivors (3072K)
 Metaspace       used 9258K, committed 9472K, reserved 1114112K
  class space    used 1125K, committed 1216K, reserved 1048576K
}
Event: 7.493 GC heap after
{Heap after GC invocations=2 (full 0):
 garbage-first heap   total 120832K, used 5192K [0x000000008b800000, 0x0000000100000000)
  region size 1024K, 2 young (2048K), 2 survivors (2048K)
 Metaspace       used 9258K, committed 9472K, reserved 1114112K
  class space    used 1125K, committed 1216K, reserved 1048576K
}
Event: 12.111 GC heap before
{Heap before GC invocations=2 (full 0):
 garbage-first heap   total 120832K, used 74824K [0x000000008b800000, 0x0000000100000000)
  region size 1024K, 70 young (71680K), 2 survivors (2048K)
 Metaspace       used 15478K, committed 15680K, reserved 1114112K
  class space    used 1851K, committed 1920K, reserved 1048576K
}
Event: 12.144 GC heap after
{Heap after GC invocations=3 (full 0):
 garbage-first heap   total 120832K, used 12844K [0x000000008b800000, 0x0000000100000000)
  region size 1024K, 9 young (9216K), 9 survivors (9216K)
 Metaspace       used 15478K, committed 15680K, reserved 1114112K
  class space    used 1851K, committed 1920K, reserved 1048576K
}
Event: 16.623 GC heap before
{Heap before GC invocations=3 (full 0):
 garbage-first heap   total 120832K, used 75308K [0x000000008b800000, 0x0000000100000000)
  region size 1024K, 70 young (71680K), 9 survivors (9216K)
 Metaspace       used 18093K, committed 18368K, reserved 1114112K
  class space    used 2084K, committed 2240K, reserved 1048576K
}
Event: 16.652 GC heap after
{Heap after GC invocations=4 (full 0):
 garbage-first heap   total 120832K, used 15462K [0x000000008b800000, 0x0000000100000000)
  region size 1024K, 4 young (4096K), 4 survivors (4096K)
 Metaspace       used 18093K, committed 18368K, reserved 1114112K
  class space    used 2084K, committed 2240K, reserved 1048576K
}
Event: 17.872 GC heap before
{Heap before GC invocations=4 (full 0):
 garbage-first heap   total 120832K, used 35942K [0x000000008b800000, 0x0000000100000000)
  region size 1024K, 20 young (20480K), 4 survivors (4096K)
 Metaspace       used 21222K, committed 21504K, reserved 1114112K
  class space    used 2514K, committed 2688K, reserved 1048576K
}
Event: 17.889 GC heap after
{Heap after GC invocations=5 (full 0):
 garbage-first heap   total 120832K, used 22948K [0x000000008b800000, 0x0000000100000000)
  region size 1024K, 7 young (7168K), 7 survivors (7168K)
 Metaspace       used 21222K, committed 21504K, reserved 1114112K
  class space    used 2514K, committed 2688K, reserved 1048576K
}
Event: 22.070 GC heap before
{Heap before GC invocations=6 (full 0):
 garbage-first heap   total 81920K, used 65956K [0x000000008b800000, 0x0000000100000000)
  region size 1024K, 48 young (49152K), 7 survivors (7168K)
 Metaspace       used 26010K, committed 26368K, reserved 1114112K
  class space    used 3040K, committed 3200K, reserved 1048576K
}
Event: 22.110 GC heap after
{Heap after GC invocations=7 (full 0):
 garbage-first heap   total 84992K, used 32825K [0x000000008b800000, 0x0000000100000000)
  region size 1024K, 6 young (6144K), 6 survivors (6144K)
 Metaspace       used 26010K, committed 26368K, reserved 1114112K
  class space    used 3040K, committed 3200K, reserved 1048576K
}
Event: 22.135 GC heap before
{Heap before GC invocations=7 (full 0):
 garbage-first heap   total 84992K, used 33849K [0x000000008b800000, 0x0000000100000000)
  region size 1024K, 7 young (7168K), 6 survivors (6144K)
 Metaspace       used 26022K, committed 26368K, reserved 1114112K
  class space    used 3040K, committed 3200K, reserved 1048576K
}
Event: 22.150 GC heap after
{Heap after GC invocations=8 (full 0):
 garbage-first heap   total 84992K, used 34304K [0x000000008b800000, 0x0000000100000000)
  region size 1024K, 1 young (1024K), 1 survivors (1024K)
 Metaspace       used 26022K, committed 26368K, reserved 1114112K
  class space    used 3040K, committed 3200K, reserved 1048576K
}
Event: 25.255 GC heap before
{Heap before GC invocations=8 (full 0):
 garbage-first heap   total 84992K, used 59904K [0x000000008b800000, 0x0000000100000000)
  region size 1024K, 27 young (27648K), 1 survivors (1024K)
 Metaspace       used 27595K, committed 27904K, reserved 1114112K
  class space    used 3214K, committed 3392K, reserved 1048576K
}
Event: 25.265 GC heap after
{Heap after GC invocations=9 (full 0):
 garbage-first heap   total 84992K, used 34989K [0x000000008b800000, 0x0000000100000000)
  region size 1024K, 2 young (2048K), 2 survivors (2048K)
 Metaspace       used 27595K, committed 27904K, reserved 1114112K
  class space    used 3214K, committed 3392K, reserved 1048576K
}
Event: 29.859 GC heap before
{Heap before GC invocations=9 (full 0):
 garbage-first heap   total 84992K, used 62637K [0x000000008b800000, 0x0000000100000000)
  region size 1024K, 29 young (29696K), 2 survivors (2048K)
 Metaspace       used 29782K, committed 30144K, reserved 1114112K
  class space    used 3465K, committed 3648K, reserved 1048576K
}
Event: 29.871 GC heap after
{Heap after GC invocations=10 (full 0):
 garbage-first heap   total 84992K, used 36670K [0x000000008b800000, 0x0000000100000000)
  region size 1024K, 4 young (4096K), 4 survivors (4096K)
 Metaspace       used 29782K, committed 30144K, reserved 1114112K
  class space    used 3465K, committed 3648K, reserved 1048576K
}

